<?xml version="1.0" encoding="UTF-8"?>
<!-- Generated by org.testng.reporters.JUnitReportReporter -->
<testsuite hostname="TYSS-Sumanth" failures="0" tests="1" name="basicCrudOperations.CaptureUser" time="1.337" errors="0" timestamp="2024-02-05T11:38:43 IST" skipped="0">
  <testcase classname="basicCrudOperations.CaptureUser" name="getUserInfo" time="1.337"/>
  <system-out/>
</testsuite> <!-- basicCrudOperations.CaptureUser -->
