<?xml version="1.0" encoding="UTF-8"?>
<!-- Generated by org.testng.reporters.JUnitReportReporter -->
<testsuite hostname="TYSS-Sumanth" failures="0" tests="1" name="reqResCrudOperations.DeletUser" time="1.636" errors="0" timestamp="2024-02-05T12:08:26 IST" skipped="0">
  <testcase classname="reqResCrudOperations.DeletUser" name="deleteAUser" time="1.636"/>
  <system-out/>
</testsuite> <!-- reqResCrudOperations.DeletUser -->
