<?xml version="1.0" encoding="UTF-8"?>
<!-- Generated by org.testng.reporters.JUnitReportReporter -->
<testsuite hostname="TYSS-Sumanth" failures="0" tests="1" name="basicCrudOperations.CaptureUsers" time="1.433" errors="0" timestamp="2024-02-05T11:36:35 IST" skipped="0">
  <testcase classname="basicCrudOperations.CaptureUsers" name="getUsersInfo" time="1.433"/>
  <system-out/>
</testsuite> <!-- basicCrudOperations.CaptureUsers -->
