<?xml version="1.0" encoding="UTF-8"?>
<!-- Generated by org.testng.reporters.JUnitReportReporter -->
<testsuite hostname="TYSS-Sumanth" failures="0" tests="1" name="reqResCrudOperations.UpdateUser" time="2.428" errors="0" timestamp="2024-02-05T12:06:17 IST" skipped="0">
  <testcase classname="reqResCrudOperations.UpdateUser" name="updateAnExistingUser" time="2.428"/>
  <system-out/>
</testsuite> <!-- reqResCrudOperations.UpdateUser -->
