<?xml version="1.0" encoding="UTF-8"?>
<!-- Generated by org.testng.reporters.JUnitReportReporter -->
<testsuite hostname="TYSS-Sumanth" failures="0" tests="1" name="requestBody.CreatePetUsingHashMap" time="2.533" errors="0" timestamp="2024-02-06T11:20:27 IST" skipped="0">
  <testcase classname="requestBody.CreatePetUsingHashMap" name="createPet" time="2.533"/>
  <system-out/>
</testsuite> <!-- requestBody.CreatePetUsingHashMap -->
