<?xml version="1.0" encoding="UTF-8"?>
<!-- Generated by org.testng.reporters.JUnitReportReporter -->
<testsuite hostname="TYSS-Sumanth" failures="0" tests="1" name="responseValidation.CaptureMultipleValues" time="1.760" errors="0" timestamp="2024-02-08T11:44:47 IST" skipped="0">
  <testcase classname="responseValidation.CaptureMultipleValues" name="getUser" time="1.760"/>
  <system-out/>
</testsuite> <!-- responseValidation.CaptureMultipleValues -->
