<?xml version="1.0" encoding="UTF-8"?>
<!-- Generated by org.testng.reporters.JUnitReportReporter -->
<testsuite hostname="TYSS-Sumanth" failures="0" tests="1" name="responseValidation.CaptureAValueFromResponse" time="1.742" errors="0" timestamp="2024-02-08T11:42:34 IST" skipped="0">
  <testcase classname="responseValidation.CaptureAValueFromResponse" name="getUser" time="1.742"/>
  <system-out/>
</testsuite> <!-- responseValidation.CaptureAValueFromResponse -->
