<?xml version="1.0" encoding="UTF-8"?>
<!-- Generated by org.testng.reporters.JUnitReportReporter -->
<testsuite hostname="TYSS-Sumanth" failures="0" tests="1" name="requestBody.RequestBodyThroughPOJO_PetStore" time="2.648" errors="0" timestamp="2024-02-06T12:23:16 IST" skipped="0">
  <testcase classname="requestBody.RequestBodyThroughPOJO_PetStore" name="createUser" time="2.648"/>
  <system-out/>
</testsuite> <!-- requestBody.RequestBodyThroughPOJO_PetStore -->
