<?xml version="1.0" encoding="UTF-8"?>
<!-- Generated by org.testng.reporters.JUnitReportReporter -->
<testsuite hostname="TYSS-Sumanth" failures="0" tests="1" name="requestBody.RequestBodyThrougPOJO_ReqRes" time="1.897" errors="0" timestamp="2024-02-06T11:56:57 IST" skipped="0">
  <testcase classname="requestBody.RequestBodyThrougPOJO_ReqRes" name="createUser" time="1.897"/>
  <system-out/>
</testsuite> <!-- requestBody.RequestBodyThrougPOJO_ReqRes -->
