<?xml version="1.0" encoding="UTF-8"?>
<!-- Generated by org.testng.reporters.JUnitReportReporter -->
<testsuite hostname="TYSS-Sumanth" failures="0" tests="1" name="requestBody.RequestBodyThroughExternalJSON" time="2.452" errors="0" timestamp="2024-02-06T11:27:49 IST" skipped="0">
  <testcase classname="requestBody.RequestBodyThroughExternalJSON" name="createUser" time="2.452"/>
  <system-out/>
</testsuite> <!-- requestBody.RequestBodyThroughExternalJSON -->
