<?xml version="1.0" encoding="UTF-8"?>
<!-- Generated by org.testng.reporters.JUnitReportReporter -->
<testsuite hostname="TYSS-Sumanth" failures="0" tests="1" name="requestBody.RequestBodyThroughHashMap" time="4.194" errors="0" timestamp="2024-02-06T10:30:03 IST" skipped="0">
  <testcase classname="requestBody.RequestBodyThroughHashMap" name="createAPet" time="4.194"/>
  <system-out/>
</testsuite> <!-- requestBody.RequestBodyThroughHashMap -->
