<?xml version="1.0" encoding="UTF-8"?>
<!-- Generated by org.testng.reporters.JUnitReportReporter -->
<testsuite hostname="TYSS-Sumanth" failures="0" tests="1" name="requestBody.CreateUser" time="1.827" errors="0" timestamp="2024-02-06T12:47:19 IST" skipped="0">
  <testcase classname="requestBody.CreateUser" name="createAUser" time="1.827"/>
  <system-out/>
</testsuite> <!-- requestBody.CreateUser -->
