<?xml version="1.0" encoding="UTF-8"?>
<!-- Generated by org.testng.reporters.JUnitReportReporter -->
<testsuite hostname="TYSS-Sumanth" failures="0" tests="1" name="requestHeader.Coops" time="1.374" errors="0" timestamp="2024-02-07T13:09:14 IST" skipped="0">
  <testcase classname="requestHeader.Coops" name="getInfo" time="1.374"/>
  <system-out/>
</testsuite> <!-- requestHeader.Coops -->
