<?xml version="1.0" encoding="UTF-8"?>
<!-- Generated by org.testng.reporters.JUnitReportReporter -->
<testsuite hostname="TYSS-Sumanth" failures="0" tests="1" name="reqResCrudOperations.CaptureUsers" time="1.712" errors="0" timestamp="2024-02-08T10:42:36 IST" skipped="0">
  <testcase classname="reqResCrudOperations.CaptureUsers" name="getUsersInformation" time="1.712"/>
  <system-out/>
</testsuite> <!-- reqResCrudOperations.CaptureUsers -->
