<?xml version="1.0" encoding="UTF-8"?>
<!-- Generated by org.testng.reporters.JUnitReportReporter -->
<testsuite hostname="TYSS-Sumanth" failures="0" tests="2" name="requestChaining.PetStore" time="4.031" errors="0" timestamp="2024-02-08T13:05:46 IST" skipped="0">
  <testcase classname="requestChaining.PetStore" name="createPet" time="2.980"/>
  <system-out/>
  <testcase classname="requestChaining.PetStore" name="updatePet" time="1.051"/>
  <system-out/>
</testsuite> <!-- requestChaining.PetStore -->
