<?xml version="1.0" encoding="UTF-8"?>
<!-- Generated by org.testng.reporters.JUnitReportReporter -->
<testsuite hostname="TYSS-Sumanth" failures="0" tests="1" name="responseValidation.VerifyAParticularUserInfoIsPresent" time="1.944" errors="0" timestamp="2024-02-08T12:15:40 IST" skipped="0">
  <testcase classname="responseValidation.VerifyAParticularUserInfoIsPresent" name="getUsersList" time="1.944"/>
  <system-out/>
</testsuite> <!-- responseValidation.VerifyAParticularUserInfoIsPresent -->
