<?xml version="1.0" encoding="UTF-8"?>
<!-- Generated by org.testng.reporters.JUnitReportReporter -->
<testsuite hostname="TYSS-Sumanth" failures="0" tests="1" name="reqResCrudOperations.CreateUser" time="1.651" errors="0" timestamp="2024-02-05T12:00:26 IST" skipped="0">
  <testcase classname="reqResCrudOperations.CreateUser" name="createAUser" time="1.651"/>
  <system-out/>
</testsuite> <!-- reqResCrudOperations.CreateUser -->
