<?xml version="1.0" encoding="UTF-8"?>
<!-- Generated by org.testng.reporters.JUnitReportReporter -->
<testsuite hostname="TYSS-Sumanth" failures="0" tests="1" name="requestBody.BrowserStack" time="1.389" errors="0" timestamp="2024-02-07T10:49:37 IST" skipped="0">
  <testcase classname="requestBody.BrowserStack" name="createAUser" time="1.389"/>
  <system-out/>
</testsuite> <!-- requestBody.BrowserStack -->
