<?xml version="1.0" encoding="UTF-8"?>
<!-- Generated by org.testng.reporters.JUnitReportReporter -->
<testsuite hostname="TYSS-Sumanth" failures="0" tests="1" name="requestHeader.GetRepos" time="1.921" errors="0" timestamp="2024-02-07T12:06:22 IST" skipped="0">
  <testcase classname="requestHeader.GetRepos" name="getListOfRespos" time="1.921"/>
  <system-out/>
</testsuite> <!-- requestHeader.GetRepos -->
