<?xml version="1.0" encoding="UTF-8"?>
<!-- Generated by org.testng.reporters.JUnitReportReporter -->
<testsuite hostname="TYSS-Sumanth" failures="0" tests="1" name="requestBody.RequestBodyThroughMap" time="1.820" errors="0" timestamp="2024-02-05T12:48:53 IST" skipped="0">
  <testcase classname="requestBody.RequestBodyThroughMap" name="createAUser" time="1.820"/>
  <system-out/>
</testsuite> <!-- requestBody.RequestBodyThroughMap -->
