<?xml version="1.0" encoding="UTF-8"?>
<!-- Generated by org.testng.reporters.JUnitReportReporter -->
<testsuite hostname="TYSS-Sumanth" failures="0" tests="1" name="requestHeader.UploadImage" time="3.616" errors="0" timestamp="2024-02-07T12:56:13 IST" skipped="0">
  <testcase classname="requestHeader.UploadImage" name="addImageToPet" time="3.616"/>
  <system-out/>
</testsuite> <!-- requestHeader.UploadImage -->
