<?xml version="1.0" encoding="UTF-8"?>
<!-- Generated by org.testng.reporters.JUnitReportReporter -->
<testsuite hostname="TYSS-Sumanth" failures="0" tests="1" name="requestHeader.GetListOfUsersUsingParamParam" time="1.485" errors="0" timestamp="2024-02-07T11:59:10 IST" skipped="0">
  <testcase classname="requestHeader.GetListOfUsersUsingParamParam" name="getUsers" time="1.485"/>
  <system-out/>
</testsuite> <!-- requestHeader.GetListOfUsersUsingParamParam -->
