<?xml version="1.0" encoding="UTF-8"?>
<!-- Generated by org.testng.reporters.JUnitReportReporter -->
<testsuite hostname="TYSS-Sumanth" failures="0" tests="1" name="requestHeader.BrowserStack_UploadImage" time="3.821" errors="0" timestamp="2024-02-07T18:54:01 IST" skipped="0">
  <testcase classname="requestHeader.BrowserStack_UploadImage" name="getMedia" time="3.821"/>
  <system-out/>
</testsuite> <!-- requestHeader.BrowserStack_UploadImage -->
