<?xml version="1.0" encoding="UTF-8"?>
<!-- Generated by org.testng.reporters.JUnitReportReporter -->
<testsuite hostname="TYSS-Sumanth" failures="0" tests="1" name="reqResCrudOperations.CreateUser" time="4.637" errors="0" timestamp="2024-02-09T12:49:00 IST" skipped="0">
  <testcase classname="reqResCrudOperations.CreateUser" name="createAUser" time="4.637"/>
  <system-out/>
</testsuite> <!-- reqResCrudOperations.CreateUser -->
