<?xml version="1.0" encoding="UTF-8"?>
<!-- Generated by org.testng.reporters.JUnitReportReporter -->
<testsuite hostname="TYSS-Sumanth" failures="0" tests="1" name="requestHeader.GetListOfUsers" time="1.519" errors="0" timestamp="2024-02-07T11:28:57 IST" skipped="0">
  <testcase classname="requestHeader.GetListOfUsers" name="getUsers" time="1.519"/>
  <system-out/>
</testsuite> <!-- requestHeader.GetListOfUsers -->
